<?xml version="1.0" encoding="UTF-8"?>
<!-- Generated by org.testng.reporters.JUnitXMLReporter -->
<testsuite hostname="Andrii-ПК" name="Default test" tests="5" failures="0" timestamp="31 Oct 2014 23:43:19 GMT" time="15.701" errors="0">
  <testcase name="testSave" time="0.076" classname="com.softserveinc.softtour.service.TestFavoriteServiceImpl"/>
  <testcase name="testFindById" time="0.018" classname="com.softserveinc.softtour.service.TestFavoriteServiceImpl"/>
  <testcase name="testFindByUser" time="0.122" classname="com.softserveinc.softtour.service.TestFavoriteServiceImpl"/>
  <testcase name="testFindByUserAndTour" time="0.109" classname="com.softserveinc.softtour.service.TestFavoriteServiceImpl"/>
  <testcase name="testDelete" time="0.187" classname="com.softserveinc.softtour.service.TestFavoriteServiceImpl"/>
</testsuite> <!-- Default test -->
