<?xml version="1.0" encoding="UTF-8"?>
<!-- Generated by org.testng.reporters.JUnitXMLReporter -->
<testsuite hostname="Andrii-ПК" name="Default test" tests="6" failures="0" timestamp="29 Oct 2014 20:49:01 GMT" time="23.561" errors="0">
  <testcase name="testSave" time="0.383" classname="com.softserveinc.softtour.service.TestUserServiceImpl"/>
  <testcase name="testFindById" time="0.012" classname="com.softserveinc.softtour.service.TestUserServiceImpl"/>
  <testcase name="testFindByEmail" time="0.008" classname="com.softserveinc.softtour.service.TestUserServiceImpl"/>
  <testcase name="testFindByNameOrEmail" time="0.16" classname="com.softserveinc.softtour.service.TestUserServiceImpl"/>
  <testcase name="testUpdate" time="0.089" classname="com.softserveinc.softtour.service.TestUserServiceImpl"/>
  <testcase name="testDelete" time="0.037" classname="com.softserveinc.softtour.service.TestUserServiceImpl"/>
</testsuite> <!-- Default test -->
