<?xml version="1.0" encoding="UTF-8"?>
<!-- Generated by org.testng.reporters.JUnitXMLReporter -->
<testsuite hostname="Andrii-ПК" name="com.softserveinc.softtour.service" tests="6" failures="0" timestamp="30 Oct 2014 19:34:55 GMT" time="20.559" errors="0">
  <testcase name="testSave" time="0.888" classname="com.softserveinc.softtour.service.TestUserServiceImpl"/>
  <testcase name="testFindById" time="0.08" classname="com.softserveinc.softtour.service.TestUserServiceImpl"/>
  <testcase name="testFindByEmail" time="0.086" classname="com.softserveinc.softtour.service.TestUserServiceImpl"/>
  <testcase name="testFindByNameOrEmail" time="0.448" classname="com.softserveinc.softtour.service.TestUserServiceImpl"/>
  <testcase name="testUpdate" time="0.128" classname="com.softserveinc.softtour.service.TestUserServiceImpl"/>
  <testcase name="testDelete" time="0.333" classname="com.softserveinc.softtour.service.TestUserServiceImpl"/>
</testsuite> <!-- com.softserveinc.softtour.service -->
